<?xml version="1.0" encoding="UTF-8"?>
<!-- Generated by org.testng.reporters.JUnitReportReporter -->
<testsuite hostname="ArpanaMac" failures="0" tests="1" name="TestCasesPage.QueueTestPage" time="12.408" errors="0" timestamp="2024-02-28T14:41:33 PST" skipped="0">
  <testcase classname="TestCasesPage.QueueTestPage" name="VerifyUserLandedPage" time="12.408"/>
  <system-out/>
</testsuite> <!-- TestCasesPage.QueueTestPage -->
