<?xml version="1.0" encoding="UTF-8"?>
<!-- Generated by org.testng.reporters.JUnitReportReporter -->
<testsuite hostname="DESKTOP-IACUTLP" failures="0" tests="1" name="TestCasesPage.GetStartedTestPage" time="14.607" errors="0" timestamp="2023-01-26T09:56:24 PST" skipped="0">
  <testcase classname="TestCasesPage.GetStartedTestPage" name="validateUserLandingHomePageTest" time="14.607"/>
  <system-out/>
</testsuite> <!-- TestCasesPage.GetStartedTestPage -->
