<?xml version="1.0" encoding="UTF-8"?>
<!-- Generated by org.testng.reporters.JUnitReportReporter -->
<testsuite hostname="ArpanaMac" failures="0" tests="1" name="TestCasesPage.GetStartedTestPage" time="20.137" errors="0" timestamp="2024-02-28T14:41:33 PST" skipped="0">
  <testcase classname="TestCasesPage.GetStartedTestPage" name="validateUserLandingHomePageTest" time="20.137"/>
  <system-out/>
</testsuite> <!-- TestCasesPage.GetStartedTestPage -->
