<?xml version="1.0" encoding="UTF-8"?>
<!-- Generated by org.testng.reporters.JUnitReportReporter -->
<testsuite hostname="ArpanaMac" failures="0" tests="7" name="TestCasesPage.SignInTestPage" time="44.238" errors="0" timestamp="2024-02-29T09:45:44 PST" skipped="0">
  <testcase classname="TestCasesPage.SignInTestPage" name="VerifyUserLandedLoginPageTest" time="5.417"/>
  <system-out/>
  <testcase classname="TestCasesPage.SignInTestPage" name="verifyingValidUsrnameAndPwd" time="6.580"/>
  <system-out/>
  <testcase classname="TestCasesPage.SignInTestPage" name="ClickSignInBtbWithUserNameFieldEmpty" time="6.536"/>
  <system-out/>
  <testcase classname="TestCasesPage.SignInTestPage" name="ClickSignInBtnWithPasswordFieldEmpty" time="5.868"/>
  <system-out/>
  <testcase classname="TestCasesPage.SignInTestPage" name="TestingInvalidUsrnameInvalidPwd" time="6.271"/>
  <system-out/>
  <testcase classname="TestCasesPage.SignInTestPage" name="TestingInvalidUsrnameValidPwd" time="6.879"/>
  <system-out/>
  <testcase classname="TestCasesPage.SignInTestPage" name="TestingValidUsrnameInValidPwd" time="6.687"/>
  <system-out/>
</testsuite> <!-- TestCasesPage.SignInTestPage -->
