<?xml version="1.0" encoding="UTF-8"?>
<!-- Generated by org.testng.reporters.JUnitReportReporter -->
<testsuite hostname="ArpanaMac" failures="0" tests="1" name="TestCasesPage.GetStartedTestPage" time="11.324" errors="0" timestamp="2024-02-29T09:45:44 PST" skipped="0">
  <testcase classname="TestCasesPage.GetStartedTestPage" name="validateUserLandingHomePageTest" time="11.324"/>
  <system-out/>
</testsuite> <!-- TestCasesPage.GetStartedTestPage -->
