<?xml version="1.0" encoding="UTF-8"?>
<!-- Generated by org.testng.reporters.JUnitReportReporter -->
<testsuite hostname="ArpanaMac" failures="0" tests="7" name="TestCasesPage.SignInTestPage" time="38.130" errors="0" timestamp="2024-02-28T14:41:33 PST" skipped="0">
  <testcase classname="TestCasesPage.SignInTestPage" name="VerifyUserLandedLoginPageTest" time="4.757"/>
  <system-out/>
  <testcase classname="TestCasesPage.SignInTestPage" name="verifyingValidUsrnameAndPwd" time="5.932"/>
  <system-out/>
  <testcase classname="TestCasesPage.SignInTestPage" name="ClickSignInBtbWithUserNameFieldEmpty" time="4.950"/>
  <system-out/>
  <testcase classname="TestCasesPage.SignInTestPage" name="ClickSignInBtnWithPasswordFieldEmpty" time="5.203"/>
  <system-out/>
  <testcase classname="TestCasesPage.SignInTestPage" name="TestingInvalidUsrnameInvalidPwd" time="5.622"/>
  <system-out/>
  <testcase classname="TestCasesPage.SignInTestPage" name="TestingInvalidUsrnameValidPwd" time="5.911"/>
  <system-out/>
  <testcase classname="TestCasesPage.SignInTestPage" name="TestingValidUsrnameInValidPwd" time="5.755"/>
  <system-out/>
</testsuite> <!-- TestCasesPage.SignInTestPage -->
