<?xml version="1.0" encoding="UTF-8"?>
<!-- Generated by org.testng.reporters.JUnitReportReporter -->
<testsuite hostname="ArpanaMac" failures="0" tests="1" name="TestCasesPage.QueueTestPage" time="15.357" errors="0" timestamp="2024-02-29T09:45:44 PST" skipped="0">
  <testcase classname="TestCasesPage.QueueTestPage" name="VerifyUserLandedPage" time="15.357"/>
  <system-out/>
</testsuite> <!-- TestCasesPage.QueueTestPage -->
