<?xml version="1.0" encoding="UTF-8"?>
<!-- Generated by org.testng.reporters.JUnitReportReporter -->
<testsuite hostname="ArpanaMac" failures="0" tests="1" name="TestCasesPage.StackTestPage" time="13.509" errors="0" timestamp="2024-02-29T09:45:44 PST" skipped="0">
  <testcase classname="TestCasesPage.StackTestPage" name="VerifyUserLandedStackPage" time="13.509"/>
  <system-out/>
</testsuite> <!-- TestCasesPage.StackTestPage -->
